# JRE version: Java(TM) SE Runtime Environment (7.0_79-b15) (build 1.7.0_79-b15)
# Java VM: Java HotSpot(TM) 64-Bit Server VM (24.79-b02 mixed mode windows-amd64 compressed oops)
Heap
 PSYoungGen      total 105472K, used 65137K [0x00000000e0700000, 0x00000000e7f00000, 0x0000000100000000)
  eden space 97280K, 58% used [0x00000000e0700000,0x00000000e3ea1c18,0x00000000e6600000)
  from space 8192K, 99% used [0x00000000e7100000,0x00000000e78fabb0,0x00000000e7900000)
  to   space 11264K, 0% used [0x00000000e6600000,0x00000000e6600000,0x00000000e7100000)
 ParOldGen       total 64512K, used 11921K [0x00000000a1600000, 0x00000000a5500000, 0x00000000e0700000)
  object space 64512K, 18% used [0x00000000a1600000,0x00000000a21a4518,0x00000000a5500000)
 PSPermGen       total 28160K, used 28113K [0x000000009c400000, 0x000000009df80000, 0x00000000a1600000)
  object space 28160K, 99% used [0x000000009c400000,0x000000009df744c0,0x000000009df80000)
GC Heap History (10 events):
Event: 0.983 GC heap before
{Heap before GC invocations=2 (full 0):
 PSYoungGen      total 28672K, used 28641K [0x00000000e0700000, 0x00000000e2680000, 0x0000000100000000)
  eden space 25088K, 100% used [0x00000000e0700000,0x00000000e1f80000,0x00000000e1f80000)
  from space 3584K, 99% used [0x00000000e1f80000,0x00000000e22f8498,0x00000000e2300000)
  to   space 3584K, 0% used [0x00000000e2300000,0x00000000e2300000,0x00000000e2680000)
 ParOldGen       total 64512K, used 658K [0x00000000a1600000, 0x00000000a5500000, 0x00000000e0700000)
  object space 64512K, 1% used [0x00000000a1600000,0x00000000a16a49a8,0x00000000a5500000)
 PSPermGen       total 21504K, used 9853K [0x000000009c400000, 0x000000009d900000, 0x00000000a1600000)
  object space 21504K, 45% used [0x000000009c400000,0x000000009cd9f4d8,0x000000009d900000)
Event: 1.000 GC heap after
Heap after GC invocations=2 (full 0):
 PSYoungGen      total 28672K, used 3568K [0x00000000e0700000, 0x00000000e3f00000, 0x0000000100000000)
  eden space 25088K, 0% used [0x00000000e0700000,0x00000000e0700000,0x00000000e1f80000)
  from space 3584K, 99% used [0x00000000e2300000,0x00000000e267c368,0x00000000e2680000)
  to   space 3584K, 0% used [0x00000000e1f80000,0x00000000e1f80000,0x00000000e2300000)
 ParOldGen       total 64512K, used 1326K [0x00000000a1600000, 0x00000000a5500000, 0x00000000e0700000)
  object space 64512K, 2% used [0x00000000a1600000,0x00000000a174b9c8,0x00000000a5500000)
 PSPermGen       total 21504K, used 9853K [0x000000009c400000, 0x000000009d900000, 0x00000000a1600000)
  object space 21504K, 45% used [0x000000009c400000,0x000000009cd9f4d8,0x000000009d900000)
}
Event: 1.261 GC heap before
{Heap before GC invocations=3 (full 0):
 PSYoungGen      total 28672K, used 28656K [0x00000000e0700000, 0x00000000e3f00000, 0x0000000100000000)
  eden space 25088K, 100% used [0x00000000e0700000,0x00000000e1f80000,0x00000000e1f80000)
  from space 3584K, 99% used [0x00000000e2300000,0x00000000e267c368,0x00000000e2680000)
  to   space 3584K, 0% used [0x00000000e1f80000,0x00000000e1f80000,0x00000000e2300000)
 ParOldGen       total 64512K, used 1326K [0x00000000a1600000, 0x00000000a5500000, 0x00000000e0700000)
  object space 64512K, 2% used [0x00000000a1600000,0x00000000a174b9c8,0x00000000a5500000)
 PSPermGen       total 21504K, used 11174K [0x000000009c400000, 0x000000009d900000, 0x00000000a1600000)
  object space 21504K, 51% used [0x000000009c400000,0x000000009cee9948,0x000000009d900000)
Event: 1.265 GC heap after
Heap after GC invocations=3 (full 0):
 PSYoungGen      total 28672K, used 3577K [0x00000000e0700000, 0x00000000e3f00000, 0x0000000100000000)
  eden space 25088K, 0% used [0x00000000e0700000,0x00000000e0700000,0x00000000e1f80000)
  from space 3584K, 99% used [0x00000000e1f80000,0x00000000e22fe4d0,0x00000000e2300000)
  to   space 3584K, 0% used [0x00000000e3b80000,0x00000000e3b80000,0x00000000e3f00000)
 ParOldGen       total 64512K, used 1960K [0x00000000a1600000, 0x00000000a5500000, 0x00000000e0700000)
  object space 64512K, 3% used [0x00000000a1600000,0x00000000a17ea168,0x00000000a5500000)
 PSPermGen       total 21504K, used 11174K [0x000000009c400000, 0x000000009d900000, 0x00000000a1600000)
  object space 21504K, 51% used [0x000000009c400000,0x000000009cee9948,0x000000009d900000)
}
Event: 1.529 GC heap before
{Heap before GC invocations=4 (full 0):
 PSYoungGen      total 28672K, used 28665K [0x00000000e0700000, 0x00000000e3f00000, 0x0000000100000000)
  eden space 25088K, 100% used [0x00000000e0700000,0x00000000e1f80000,0x00000000e1f80000)
  from space 3584K, 99% used [0x00000000e1f80000,0x00000000e22fe4d0,0x00000000e2300000)
  to   space 3584K, 0% used [0x00000000e3b80000,0x00000000e3b80000,0x00000000e3f00000)
 ParOldGen       total 64512K, used 1960K [0x00000000a1600000, 0x00000000a5500000, 0x00000000e0700000)
  object space 64512K, 3% used [0x00000000a1600000,0x00000000a17ea168,0x00000000a5500000)
 PSPermGen       total 21504K, used 13807K [0x000000009c400000, 0x000000009d900000, 0x00000000a1600000)
  object space 21504K, 64% used [0x000000009c400000,0x000000009d17bd60,0x000000009d900000)
Event: 1.534 GC heap after
Heap after GC invocations=4 (full 0):
 PSYoungGen      total 53760K, used 3560K [0x00000000e0700000, 0x00000000e3f00000, 0x0000000100000000)
  eden space 50176K, 0% used [0x00000000e0700000,0x00000000e0700000,0x00000000e3800000)
  from space 3584K, 99% used [0x00000000e3b80000,0x00000000e3efa020,0x00000000e3f00000)
  to   space 3584K, 0% used [0x00000000e3800000,0x00000000e3800000,0x00000000e3b80000)
 ParOldGen       total 64512K, used 3614K [0x00000000a1600000, 0x00000000a5500000, 0x00000000e0700000)
  object space 64512K, 5% used [0x00000000a1600000,0x00000000a1987aa0,0x00000000a5500000)
 PSPermGen       total 21504K, used 13807K [0x000000009c400000, 0x000000009d900000, 0x00000000a1600000)
  object space 21504K, 64% used [0x000000009c400000,0x000000009d17bd60,0x000000009d900000)
}
Event: 2.265 GC heap before
{Heap before GC invocations=5 (full 0):
 PSYoungGen      total 53760K, used 53736K [0x00000000e0700000, 0x00000000e3f00000, 0x0000000100000000)
  eden space 50176K, 100% used [0x00000000e0700000,0x00000000e3800000,0x00000000e3800000)
  from space 3584K, 99% used [0x00000000e3b80000,0x00000000e3efa020,0x00000000e3f00000)
  to   space 3584K, 0% used [0x00000000e3800000,0x00000000e3800000,0x00000000e3b80000)
 ParOldGen       total 64512K, used 3614K [0x00000000a1600000, 0x00000000a5500000, 0x00000000e0700000)
  object space 64512K, 5% used [0x00000000a1600000,0x00000000a1987aa0,0x00000000a5500000)
 PSPermGen       total 21504K, used 19544K [0x000000009c400000, 0x000000009d900000, 0x00000000a1600000)
  object space 21504K, 90% used [0x000000009c400000,0x000000009d7163f0,0x000000009d900000)
Event: 2.277 GC heap after
Heap after GC invocations=5 (full 0):
 PSYoungGen      total 53760K, used 3576K [0x00000000e0700000, 0x00000000e7900000, 0x0000000100000000)
  eden space 50176K, 0% used [0x00000000e0700000,0x00000000e0700000,0x00000000e3800000)
  from space 3584K, 99% used [0x00000000e3800000,0x00000000e3b7e030,0x00000000e3b80000)
  to   space 8192K, 0% used [0x00000000e7100000,0x00000000e7100000,0x00000000e7900000)
 ParOldGen       total 64512K, used 9038K [0x00000000a1600000, 0x00000000a5500000, 0x00000000e0700000)
  object space 64512K, 14% used [0x00000000a1600000,0x00000000a1ed3990,0x00000000a5500000)
 PSPermGen       total 21504K, used 19544K [0x000000009c400000, 0x000000009d900000, 0x00000000a1600000)
  object space 21504K, 90% used [0x000000009c400000,0x000000009d7163f0,0x000000009d900000)
}
Event: 2.730 GC heap before
{Heap before GC invocations=6 (full 0):
 PSYoungGen      total 53760K, used 53752K [0x00000000e0700000, 0x00000000e7900000, 0x0000000100000000)
  eden space 50176K, 100% used [0x00000000e0700000,0x00000000e3800000,0x00000000e3800000)
  from space 3584K, 99% used [0x00000000e3800000,0x00000000e3b7e030,0x00000000e3b80000)
  to   space 8192K, 0% used [0x00000000e7100000,0x00000000e7100000,0x00000000e7900000)
 ParOldGen       total 64512K, used 9038K [0x00000000a1600000, 0x00000000a5500000, 0x00000000e0700000)
  object space 64512K, 14% used [0x00000000a1600000,0x00000000a1ed3990,0x00000000a5500000)
 PSPermGen       total 24064K, used 23703K [0x000000009c400000, 0x000000009db80000, 0x00000000a1600000)
  object space 24064K, 98% used [0x000000009c400000,0x000000009db25e60,0x000000009db80000)
Event: 2.741 GC heap after
Heap after GC invocations=6 (full 0):
 PSYoungGen      total 105472K, used 8170K [0x00000000e0700000, 0x00000000e7f00000, 0x0000000100000000)
  eden space 97280K, 0% used [0x00000000e0700000,0x00000000e0700000,0x00000000e6600000)
  from space 8192K, 99% used [0x00000000e7100000,0x00000000e78fabb0,0x00000000e7900000)
  to   space 11264K, 0% used [0x00000000e6600000,0x00000000e6600000,0x00000000e7100000)
 ParOldGen       total 64512K, used 11921K [0x00000000a1600000, 0x00000000a5500000, 0x00000000e0700000)
  object space 64512K, 18% used [0x00000000a1600000,0x00000000a21a4518,0x00000000a5500000)
 PSPermGen       total 24064K, used 23703K [0x000000009c400000, 0x000000009db80000, 0x00000000a1600000)
  object space 24064K, 98% used [0x000000009c400000,0x000000009db25e60,0x000000009db80000)
}

